Using pre-set license
Built from '2020.2/staging' branch; Version is '2020.2.7f1 (c53830e277f1) revision 12924976'; Using compiler version '192528614'; Build Type 'Release'
OS: 'Windows 10 Pro; OS build 19042.1052; Version 2009; 64bit' Language: 'ru' Physical Memory: 16322 MB
BatchMode: 1, IsHumanControllingUs: 0, StartBugReporterOnCrash: 0, Is64bit: 1, IsPro: 0

 COMMAND LINE ARGUMENTS:
C:\Program Files (x86)\Unity\2020.2.7f1\Editor\Unity.exe
-adb2
-batchMode
-noUpm
-name
AssetImportWorker0
-projectPath
C:/Users/GLEB/Desktop/Onix Games/8. Gamejam/2. LIGHT IS KEY/Unity/Light is Key
-logFile
Logs/AssetImportWorker0.log
-srvPort
58297
Successfully changed project path to: C:/Users/GLEB/Desktop/Onix Games/8. Gamejam/2. LIGHT IS KEY/Unity/Light is Key
C:/Users/GLEB/Desktop/Onix Games/8. Gamejam/2. LIGHT IS KEY/Unity/Light is Key
Using Asset Import Pipeline V2.
Refreshing native plugins compatible for Editor in 29.17 ms, found 0 plugins.
Preloading 0 native plugins for Editor in 0.00 ms.
Initialize engine version: 2020.2.7f1 (c53830e277f1)
[Subsystems] Discovering subsystems at path C:/Program Files (x86)/Unity/2020.2.7f1/Editor/Data/Resources/UnitySubsystems
[Subsystems] Discovering subsystems at path C:/Users/GLEB/Desktop/Onix Games/8. Gamejam/2. LIGHT IS KEY/Unity/Light is Key/Assets
GfxDevice: creating device client; threaded=0
Direct3D:
    Version:  Direct3D 11.0 [level 11.1]
    Renderer: NVIDIA GeForce GTX 1050 Ti (ID=0x1c82)
    Vendor:   
    VRAM:     4019 MB
    Driver:   27.21.14.5671
Initialize mono
Mono path[0] = 'C:/Program Files (x86)/Unity/2020.2.7f1/Editor/Data/Managed'
Mono path[1] = 'C:/Program Files (x86)/Unity/2020.2.7f1/Editor/Data/MonoBleedingEdge/lib/mono/unityjit'
Mono config path = 'C:/Program Files (x86)/Unity/2020.2.7f1/Editor/Data/MonoBleedingEdge/etc'
Using monoOptions --debugger-agent=transport=dt_socket,embedding=1,server=y,suspend=n,address=127.0.0.1:56832
Begin MonoManager ReloadAssembly
Registering precompiled unity dll's ...
Register platform support module: C:/Program Files (x86)/Unity/2020.2.7f1/Editor/Data/PlaybackEngines/WindowsStandaloneSupport/UnityEditor.WindowsStandalone.Extensions.dll
Registered in 0.002194 seconds.
Native extension for WindowsStandalone target not found
Refreshing native plugins compatible for Editor in 28.17 ms, found 0 plugins.
Preloading 0 native plugins for Editor in 0.00 ms.
Unable to find bridge dll on disk for Microsoft Visual Studio Tools for Unity for C:\Program Files (x86)\Microsoft Visual Studio Tools for Unity\16.0\Editor\SyntaxTree.VisualStudio.Unity.Bridge.dll
Invoked RoslynAnalysisRunner static constructor.
RoslynAnalysisRunner will not be running.
RoslynAnalysisRunner has terminated.
Mono: successfully reloaded assembly
- Completed reload, in  2.257 seconds
Platform modules already initialized, skipping
Registering precompiled user dll's ...
Registered in 0.000909 seconds.
Begin MonoManager ReloadAssembly
Native extension for WindowsStandalone target not found
Refreshing native plugins compatible for Editor in 0.28 ms, found 0 plugins.
Preloading 0 native plugins for Editor in 0.00 ms.
Invoked RoslynAnalysisRunner static constructor.
RoslynAnalysisRunner will not be running.
RoslynAnalysisRunner has terminated.
Mono: successfully reloaded assembly
- Completed reload, in  1.121 seconds
Platform modules already initialized, skipping
========================================================================
Worker process is ready to serve import requests
Launched and connected shader compiler UnityShaderCompiler.exe after 0.05 seconds
Refreshing native plugins compatible for Editor in 0.27 ms, found 0 plugins.
Preloading 0 native plugins for Editor in 0.00 ms.
Unloading 1134 Unused Serialized files (Serialized files now loaded: 0)
System memory in use before: 57.7 MB.
System memory in use after: 57.8 MB.

Unloading 10 unused Assets to reduce memory usage. Loaded Objects now: 1576.
Total: 1.974300 ms (FindLiveObjects: 0.165200 ms CreateObjectMapping: 0.045800 ms MarkObjects: 1.664800 ms  DeleteObjects: 0.097300 ms)

========================================================================
Received Import Request.
  path: Assets
  artifactKey: Guid(00000000000000001000000000000000) Importer(815301076,1909f56bfc062723c751e8b465ee728b)
Start importing Assets using Guid(00000000000000001000000000000000) Importer(815301076,1909f56bfc062723c751e8b465ee728b)  -> (artifact id: 'f89434ac489deb914593f829e0a47671') in 0.013288 seconds
  Import took 0.015645 seconds .

========================================================================
Received Import Request.
  Time since last request: 0.608822 seconds.
  path: Assets/Assets
  artifactKey: Guid(f5a4930829d615c43b05149870393a88) Importer(815301076,1909f56bfc062723c751e8b465ee728b)
Start importing Assets/Assets using Guid(f5a4930829d615c43b05149870393a88) Importer(815301076,1909f56bfc062723c751e8b465ee728b)  -> (artifact id: '1ee116b6b9795307779a4adf9d74d083') in 0.010817 seconds
  Import took 0.014050 seconds .

========================================================================
Received Prepare
Registering precompiled user dll's ...
Registered in 0.001033 seconds.
Begin MonoManager ReloadAssembly
Native extension for WindowsStandalone target not found
Refreshing native plugins compatible for Editor in 0.45 ms, found 0 plugins.
Preloading 0 native plugins for Editor in 0.00 ms.
Invoked RoslynAnalysisRunner static constructor.
RoslynAnalysisRunner will not be running.
RoslynAnalysisRunner has terminated.
Mono: successfully reloaded assembly
- Completed reload, in  1.026 seconds
Platform modules already initialized, skipping
Refreshing native plugins compatible for Editor in 0.28 ms, found 0 plugins.
Preloading 0 native plugins for Editor in 0.00 ms.
Unloading 1129 Unused Serialized files (Serialized files now loaded: 0)
System memory in use before: 57.7 MB.
System memory in use after: 57.7 MB.

Unloading 5 unused Assets to reduce memory usage. Loaded Objects now: 1579.
Total: 2.119000 ms (FindLiveObjects: 0.157300 ms CreateObjectMapping: 0.041700 ms MarkObjects: 1.814100 ms  DeleteObjects: 0.104600 ms)

========================================================================
Received Import Request.
  Time since last request: 30.708237 seconds.
  path: Assets/Scenes
  artifactKey: Guid(ffa0842463841734181c6098018dde93) Importer(815301076,1909f56bfc062723c751e8b465ee728b)
Start importing Assets/Scenes using Guid(ffa0842463841734181c6098018dde93) Importer(815301076,1909f56bfc062723c751e8b465ee728b)  -> (artifact id: '69c33fa335823064df2f8b67f920b9b1') in 0.011771 seconds
  Import took 0.015266 seconds .

========================================================================
Received Import Request.
  Time since last request: 0.003226 seconds.
  path: Assets/Scenes
  artifactKey: Guid(ffa0842463841734181c6098018dde93) Importer(815301076,1909f56bfc062723c751e8b465ee728b)
Start importing Assets/Scenes using Guid(ffa0842463841734181c6098018dde93) Importer(815301076,1909f56bfc062723c751e8b465ee728b)  -> (artifact id: '69c33fa335823064df2f8b67f920b9b1') in 0.010164 seconds
  Import took 0.012937 seconds .

========================================================================
Received Import Request.
  Time since last request: 0.455358 seconds.
  path: Assets/Scenes/SampleScene.unity
  artifactKey: Guid(9fc0d4010bbf28b4594072e72b8655ab) Importer(815301076,1909f56bfc062723c751e8b465ee728b)
Start importing Assets/Scenes/SampleScene.unity using Guid(9fc0d4010bbf28b4594072e72b8655ab) Importer(815301076,1909f56bfc062723c751e8b465ee728b)  -> (artifact id: '9e7e0f1d87270bc844b2c421902392ea') in 0.018221 seconds
  Import took 0.021255 seconds .

========================================================================
Received Import Request.
  Time since last request: 7.631301 seconds.
  path: Assets/Scenes/GameScene.unity
  artifactKey: Guid(9fc0d4010bbf28b4594072e72b8655ab) Importer(815301076,1909f56bfc062723c751e8b465ee728b)
Start importing Assets/Scenes/GameScene.unity using Guid(9fc0d4010bbf28b4594072e72b8655ab) Importer(815301076,1909f56bfc062723c751e8b465ee728b)  -> (artifact id: 'd8b6d2192adf5d694d2a9a70f0e8193b') in 0.018652 seconds
  Import took 0.025321 seconds .

========================================================================
Received Import Request.
  Time since last request: 212.239991 seconds.
  path: Assets/Game Controller.cs
  artifactKey: Guid(175dcf20d53962a419038ac8284bde5a) Importer(815301076,1909f56bfc062723c751e8b465ee728b)
Start importing Assets/Game Controller.cs using Guid(175dcf20d53962a419038ac8284bde5a) Importer(815301076,1909f56bfc062723c751e8b465ee728b)  -> (artifact id: '2bad1e6194798420692f3dcb63630ad7') in 0.059905 seconds
  Import took 0.063491 seconds .

========================================================================
Received Prepare
Registering precompiled user dll's ...
Registered in 0.000966 seconds.
Begin MonoManager ReloadAssembly
Native extension for WindowsStandalone target not found
Refreshing native plugins compatible for Editor in 0.27 ms, found 0 plugins.
Preloading 0 native plugins for Editor in 0.00 ms.
Invoked RoslynAnalysisRunner static constructor.
RoslynAnalysisRunner will not be running.
RoslynAnalysisRunner has terminated.
Mono: successfully reloaded assembly
- Completed reload, in  1.060 seconds
Platform modules already initialized, skipping
Refreshing native plugins compatible for Editor in 0.28 ms, found 0 plugins.
Preloading 0 native plugins for Editor in 0.00 ms.
Unloading 1130 Unused Serialized files (Serialized files now loaded: 0)
System memory in use before: 57.7 MB.
System memory in use after: 57.8 MB.

Unloading 5 unused Assets to reduce memory usage. Loaded Objects now: 1583.
Total: 2.159500 ms (FindLiveObjects: 0.171600 ms CreateObjectMapping: 0.048200 ms MarkObjects: 1.868000 ms  DeleteObjects: 0.070000 ms)

========================================================================
Received Import Request.
  Time since last request: 8.479253 seconds.
  path: Assets/Scripts
  artifactKey: Guid(0683650ad4936a2498ff4fede8a84893) Importer(815301076,1909f56bfc062723c751e8b465ee728b)
Start importing Assets/Scripts using Guid(0683650ad4936a2498ff4fede8a84893) Importer(815301076,1909f56bfc062723c751e8b465ee728b)  -> (artifact id: 'cf88537f58f2701621f754f100e27aae') in 0.017643 seconds
  Import took 0.020624 seconds .

========================================================================
Received Prepare
Registering precompiled user dll's ...
Registered in 0.000802 seconds.
Begin MonoManager ReloadAssembly
Native extension for WindowsStandalone target not found
Refreshing native plugins compatible for Editor in 0.27 ms, found 0 plugins.
Preloading 0 native plugins for Editor in 0.00 ms.
Invoked RoslynAnalysisRunner static constructor.
RoslynAnalysisRunner will not be running.
RoslynAnalysisRunner has terminated.
Mono: successfully reloaded assembly
- Completed reload, in  1.068 seconds
Platform modules already initialized, skipping
Refreshing native plugins compatible for Editor in 0.31 ms, found 0 plugins.
Preloading 0 native plugins for Editor in 0.00 ms.
Unloading 1130 Unused Serialized files (Serialized files now loaded: 0)
System memory in use before: 57.8 MB.
System memory in use after: 57.8 MB.

Unloading 5 unused Assets to reduce memory usage. Loaded Objects now: 1586.
Total: 2.748600 ms (FindLiveObjects: 0.232500 ms CreateObjectMapping: 0.118600 ms MarkObjects: 2.252300 ms  DeleteObjects: 0.143700 ms)

========================================================================
Received Prepare
Registering precompiled user dll's ...
Registered in 0.001057 seconds.
Begin MonoManager ReloadAssembly
Native extension for WindowsStandalone target not found
Refreshing native plugins compatible for Editor in 0.27 ms, found 0 plugins.
Preloading 0 native plugins for Editor in 0.00 ms.
Invoked RoslynAnalysisRunner static constructor.
RoslynAnalysisRunner will not be running.
RoslynAnalysisRunner has terminated.
Mono: successfully reloaded assembly
- Completed reload, in  1.035 seconds
Platform modules already initialized, skipping
Refreshing native plugins compatible for Editor in 0.33 ms, found 0 plugins.
Preloading 0 native plugins for Editor in 0.00 ms.
Unloading 1130 Unused Serialized files (Serialized files now loaded: 0)
System memory in use before: 57.8 MB.
System memory in use after: 57.8 MB.

Unloading 5 unused Assets to reduce memory usage. Loaded Objects now: 1589.
Total: 2.343300 ms (FindLiveObjects: 0.154600 ms CreateObjectMapping: 0.045800 ms MarkObjects: 2.057600 ms  DeleteObjects: 0.083800 ms)

========================================================================
Received Import Request.
  Time since last request: 44.497290 seconds.
  path: Assets/Scripts/Game Controller.cs
  artifactKey: Guid(175dcf20d53962a419038ac8284bde5a) Importer(815301076,1909f56bfc062723c751e8b465ee728b)
Start importing Assets/Scripts/Game Controller.cs using Guid(175dcf20d53962a419038ac8284bde5a) Importer(815301076,1909f56bfc062723c751e8b465ee728b)  -> (artifact id: '91b359759f66f8a12c9df063a26413c2') in 0.008103 seconds
  Import took 0.010844 seconds .

========================================================================
Received Import Request.
  Time since last request: 3.781102 seconds.
  path: Assets/Scripts/GameController.cs
  artifactKey: Guid(175dcf20d53962a419038ac8284bde5a) Importer(815301076,1909f56bfc062723c751e8b465ee728b)
Start importing Assets/Scripts/GameController.cs using Guid(175dcf20d53962a419038ac8284bde5a) Importer(815301076,1909f56bfc062723c751e8b465ee728b)  -> (artifact id: '62b46f57279576d8fac9f86573bf11d4') in 0.014124 seconds
  Import took 0.017651 seconds .

========================================================================
Received Prepare
Registering precompiled user dll's ...
Registered in 0.000801 seconds.
Begin MonoManager ReloadAssembly
Native extension for WindowsStandalone target not found
Refreshing native plugins compatible for Editor in 0.26 ms, found 0 plugins.
Preloading 0 native plugins for Editor in 0.00 ms.
Invoked RoslynAnalysisRunner static constructor.
RoslynAnalysisRunner will not be running.
RoslynAnalysisRunner has terminated.
Mono: successfully reloaded assembly
- Completed reload, in  1.054 seconds
Platform modules already initialized, skipping
Refreshing native plugins compatible for Editor in 0.28 ms, found 0 plugins.
Preloading 0 native plugins for Editor in 0.00 ms.
Unloading 1130 Unused Serialized files (Serialized files now loaded: 0)
System memory in use before: 57.8 MB.
System memory in use after: 57.8 MB.

Unloading 5 unused Assets to reduce memory usage. Loaded Objects now: 1592.
Total: 2.937900 ms (FindLiveObjects: 0.289600 ms CreateObjectMapping: 0.138400 ms MarkObjects: 2.441400 ms  DeleteObjects: 0.066700 ms)

========================================================================
Received Prepare
Registering precompiled user dll's ...
Registered in 0.000816 seconds.
Begin MonoManager ReloadAssembly
Native extension for WindowsStandalone target not found
Refreshing native plugins compatible for Editor in 0.37 ms, found 0 plugins.
Preloading 0 native plugins for Editor in 0.00 ms.
Invoked RoslynAnalysisRunner static constructor.
RoslynAnalysisRunner will not be running.
RoslynAnalysisRunner has terminated.
Mono: successfully reloaded assembly
- Completed reload, in  1.241 seconds
Platform modules already initialized, skipping
Refreshing native plugins compatible for Editor in 0.27 ms, found 0 plugins.
Preloading 0 native plugins for Editor in 0.00 ms.
Unloading 1130 Unused Serialized files (Serialized files now loaded: 0)
System memory in use before: 57.8 MB.
System memory in use after: 57.8 MB.

Unloading 5 unused Assets to reduce memory usage. Loaded Objects now: 1595.
Total: 1.835000 ms (FindLiveObjects: 0.154500 ms CreateObjectMapping: 0.049200 ms MarkObjects: 1.569700 ms  DeleteObjects: 0.060300 ms)

========================================================================
Received Prepare
Registering precompiled user dll's ...
Registered in 0.000798 seconds.
Begin MonoManager ReloadAssembly
Native extension for WindowsStandalone target not found
Refreshing native plugins compatible for Editor in 0.26 ms, found 0 plugins.
Preloading 0 native plugins for Editor in 0.00 ms.
Invoked RoslynAnalysisRunner static constructor.
RoslynAnalysisRunner will not be running.
RoslynAnalysisRunner has terminated.
Mono: successfully reloaded assembly
- Completed reload, in  1.057 seconds
Platform modules already initialized, skipping
Refreshing native plugins compatible for Editor in 0.28 ms, found 0 plugins.
Preloading 0 native plugins for Editor in 0.00 ms.
Unloading 1130 Unused Serialized files (Serialized files now loaded: 0)
System memory in use before: 57.8 MB.
System memory in use after: 57.9 MB.

Unloading 5 unused Assets to reduce memory usage. Loaded Objects now: 1598.
Total: 2.430700 ms (FindLiveObjects: 0.242500 ms CreateObjectMapping: 0.193300 ms MarkObjects: 1.924400 ms  DeleteObjects: 0.069400 ms)

========================================================================
Received Prepare
Registering precompiled user dll's ...
Registered in 0.001006 seconds.
Begin MonoManager ReloadAssembly
Native extension for WindowsStandalone target not found
Refreshing native plugins compatible for Editor in 0.27 ms, found 0 plugins.
Preloading 0 native plugins for Editor in 0.00 ms.
Invoked RoslynAnalysisRunner static constructor.
RoslynAnalysisRunner will not be running.
RoslynAnalysisRunner has terminated.
Mono: successfully reloaded assembly
- Completed reload, in  1.019 seconds
Platform modules already initialized, skipping
Refreshing native plugins compatible for Editor in 0.27 ms, found 0 plugins.
Preloading 0 native plugins for Editor in 0.00 ms.
Unloading 1130 Unused Serialized files (Serialized files now loaded: 0)
System memory in use before: 57.8 MB.
System memory in use after: 57.9 MB.

Unloading 5 unused Assets to reduce memory usage. Loaded Objects now: 1601.
Total: 2.229600 ms (FindLiveObjects: 0.204800 ms CreateObjectMapping: 0.044400 ms MarkObjects: 1.878500 ms  DeleteObjects: 0.100700 ms)

========================================================================
Received Prepare
Registering precompiled user dll's ...
Registered in 0.000824 seconds.
Begin MonoManager ReloadAssembly
Native extension for WindowsStandalone target not found
Refreshing native plugins compatible for Editor in 0.29 ms, found 0 plugins.
Preloading 0 native plugins for Editor in 0.00 ms.
Invoked RoslynAnalysisRunner static constructor.
RoslynAnalysisRunner will not be running.
RoslynAnalysisRunner has terminated.
Mono: successfully reloaded assembly
- Completed reload, in  1.205 seconds
Platform modules already initialized, skipping
Refreshing native plugins compatible for Editor in 0.26 ms, found 0 plugins.
Preloading 0 native plugins for Editor in 0.00 ms.
Unloading 1130 Unused Serialized files (Serialized files now loaded: 0)
System memory in use before: 57.8 MB.
System memory in use after: 57.9 MB.

Unloading 5 unused Assets to reduce memory usage. Loaded Objects now: 1604.
Total: 2.560200 ms (FindLiveObjects: 0.194800 ms CreateObjectMapping: 0.051200 ms MarkObjects: 2.240700 ms  DeleteObjects: 0.072000 ms)

========================================================================
Received Prepare
Registering precompiled user dll's ...
Registered in 0.000812 seconds.
Begin MonoManager ReloadAssembly
Native extension for WindowsStandalone target not found
Refreshing native plugins compatible for Editor in 0.27 ms, found 0 plugins.
Preloading 0 native plugins for Editor in 0.00 ms.
Invoked RoslynAnalysisRunner static constructor.
RoslynAnalysisRunner will not be running.
RoslynAnalysisRunner has terminated.
Mono: successfully reloaded assembly
- Completed reload, in  1.156 seconds
Platform modules already initialized, skipping
Refreshing native plugins compatible for Editor in 0.27 ms, found 0 plugins.
Preloading 0 native plugins for Editor in 0.00 ms.
Unloading 1130 Unused Serialized files (Serialized files now loaded: 0)
System memory in use before: 57.8 MB.
System memory in use after: 57.9 MB.

Unloading 5 unused Assets to reduce memory usage. Loaded Objects now: 1607.
Total: 3.296400 ms (FindLiveObjects: 0.333100 ms CreateObjectMapping: 0.084100 ms MarkObjects: 2.799300 ms  DeleteObjects: 0.078000 ms)

========================================================================
Received Prepare
Registering precompiled user dll's ...
Registered in 0.000794 seconds.
Begin MonoManager ReloadAssembly
Native extension for WindowsStandalone target not found
Refreshing native plugins compatible for Editor in 0.27 ms, found 0 plugins.
Preloading 0 native plugins for Editor in 0.00 ms.
Invoked RoslynAnalysisRunner static constructor.
RoslynAnalysisRunner will not be running.
RoslynAnalysisRunner has terminated.
Mono: successfully reloaded assembly
- Completed reload, in  1.278 seconds
Platform modules already initialized, skipping
Refreshing native plugins compatible for Editor in 0.32 ms, found 0 plugins.
Preloading 0 native plugins for Editor in 0.00 ms.
Unloading 1130 Unused Serialized files (Serialized files now loaded: 0)
System memory in use before: 57.8 MB.
System memory in use after: 57.9 MB.

Unloading 5 unused Assets to reduce memory usage. Loaded Objects now: 1610.
Total: 3.830900 ms (FindLiveObjects: 0.864700 ms CreateObjectMapping: 0.152700 ms MarkObjects: 2.741400 ms  DeleteObjects: 0.069500 ms)

========================================================================
Received Import Request.
  Time since last request: 1529.864894 seconds.
  path: Assets/Scripts/LightBulb.cs
  artifactKey: Guid(8281a5fe37a8d9b448e8739f74fd3683) Importer(815301076,1909f56bfc062723c751e8b465ee728b)
Start importing Assets/Scripts/LightBulb.cs using Guid(8281a5fe37a8d9b448e8739f74fd3683) Importer(815301076,1909f56bfc062723c751e8b465ee728b)  -> (artifact id: 'd3dfa9918e685b304767b80f53c6c9cb') in 0.028610 seconds
  Import took 0.036114 seconds .

========================================================================
Received Prepare
Registering precompiled user dll's ...
Registered in 0.000782 seconds.
Begin MonoManager ReloadAssembly
Native extension for WindowsStandalone target not found
Refreshing native plugins compatible for Editor in 0.26 ms, found 0 plugins.
Preloading 0 native plugins for Editor in 0.00 ms.
Invoked RoslynAnalysisRunner static constructor.
RoslynAnalysisRunner will not be running.
RoslynAnalysisRunner has terminated.
Mono: successfully reloaded assembly
- Completed reload, in  1.048 seconds
Platform modules already initialized, skipping
Refreshing native plugins compatible for Editor in 0.26 ms, found 0 plugins.
Preloading 0 native plugins for Editor in 0.00 ms.
Unloading 1131 Unused Serialized files (Serialized files now loaded: 0)
System memory in use before: 57.8 MB.
System memory in use after: 57.9 MB.

Unloading 5 unused Assets to reduce memory usage. Loaded Objects now: 1614.
Total: 2.058400 ms (FindLiveObjects: 0.156600 ms CreateObjectMapping: 0.046800 ms MarkObjects: 1.767100 ms  DeleteObjects: 0.087000 ms)

========================================================================
Received Prepare
Registering precompiled user dll's ...
Registered in 0.000783 seconds.
Begin MonoManager ReloadAssembly
Native extension for WindowsStandalone target not found
Refreshing native plugins compatible for Editor in 0.27 ms, found 0 plugins.
Preloading 0 native plugins for Editor in 0.00 ms.
Invoked RoslynAnalysisRunner static constructor.
RoslynAnalysisRunner will not be running.
RoslynAnalysisRunner has terminated.
Mono: successfully reloaded assembly
- Completed reload, in  1.213 seconds
Platform modules already initialized, skipping
Refreshing native plugins compatible for Editor in 0.28 ms, found 0 plugins.
Preloading 0 native plugins for Editor in 0.00 ms.
Unloading 1165 Unused Serialized files (Serialized files now loaded: 0)
System memory in use before: 58.9 MB.
System memory in use after: 59.0 MB.

Unloading 5 unused Assets to reduce memory usage. Loaded Objects now: 1651.
Total: 1.988300 ms (FindLiveObjects: 0.162400 ms CreateObjectMapping: 0.047400 ms MarkObjects: 1.696600 ms  DeleteObjects: 0.080700 ms)

========================================================================
Received Prepare
Registering precompiled user dll's ...
Registered in 0.000798 seconds.
Begin MonoManager ReloadAssembly
Native extension for WindowsStandalone target not found
Refreshing native plugins compatible for Editor in 0.29 ms, found 0 plugins.
Preloading 0 native plugins for Editor in 0.00 ms.
Invoked RoslynAnalysisRunner static constructor.
RoslynAnalysisRunner will not be running.
RoslynAnalysisRunner has terminated.
Mono: successfully reloaded assembly
- Completed reload, in  0.996 seconds
Platform modules already initialized, skipping
Refreshing native plugins compatible for Editor in 0.28 ms, found 0 plugins.
Preloading 0 native plugins for Editor in 0.00 ms.
Unloading 1165 Unused Serialized files (Serialized files now loaded: 0)
System memory in use before: 58.9 MB.
System memory in use after: 59.0 MB.

Unloading 5 unused Assets to reduce memory usage. Loaded Objects now: 1654.
Total: 2.694400 ms (FindLiveObjects: 0.230200 ms CreateObjectMapping: 0.044600 ms MarkObjects: 2.329600 ms  DeleteObjects: 0.088900 ms)

========================================================================
Received Prepare
Registering precompiled user dll's ...
Registered in 0.001209 seconds.
Begin MonoManager ReloadAssembly
Native extension for WindowsStandalone target not found
Refreshing native plugins compatible for Editor in 0.28 ms, found 0 plugins.
Preloading 0 native plugins for Editor in 0.00 ms.
Invoked RoslynAnalysisRunner static constructor.
RoslynAnalysisRunner will not be running.
RoslynAnalysisRunner has terminated.
Mono: successfully reloaded assembly
- Completed reload, in  1.244 seconds
Platform modules already initialized, skipping
Refreshing native plugins compatible for Editor in 0.28 ms, found 0 plugins.
Preloading 0 native plugins for Editor in 0.00 ms.
Unloading 1165 Unused Serialized files (Serialized files now loaded: 0)
System memory in use before: 58.9 MB.
System memory in use after: 59.0 MB.

Unloading 5 unused Assets to reduce memory usage. Loaded Objects now: 1657.
Total: 2.184000 ms (FindLiveObjects: 0.205300 ms CreateObjectMapping: 0.095500 ms MarkObjects: 1.824800 ms  DeleteObjects: 0.057500 ms)

========================================================================
Received Prepare
Registering precompiled user dll's ...
Registered in 0.000813 seconds.
Begin MonoManager ReloadAssembly
Native extension for WindowsStandalone target not found
Refreshing native plugins compatible for Editor in 0.29 ms, found 0 plugins.
Preloading 0 native plugins for Editor in 0.00 ms.
Invoked RoslynAnalysisRunner static constructor.
RoslynAnalysisRunner will not be running.
RoslynAnalysisRunner has terminated.
Mono: successfully reloaded assembly
- Completed reload, in  1.155 seconds
Platform modules already initialized, skipping
Refreshing native plugins compatible for Editor in 0.32 ms, found 0 plugins.
Preloading 0 native plugins for Editor in 0.00 ms.
Unloading 1165 Unused Serialized files (Serialized files now loaded: 0)
System memory in use before: 58.9 MB.
System memory in use after: 59.0 MB.

Unloading 5 unused Assets to reduce memory usage. Loaded Objects now: 1660.
Total: 2.519100 ms (FindLiveObjects: 0.158300 ms CreateObjectMapping: 0.043900 ms MarkObjects: 2.221800 ms  DeleteObjects: 0.093400 ms)

========================================================================
Received Prepare
Registering precompiled user dll's ...
Registered in 0.000780 seconds.
Begin MonoManager ReloadAssembly
Native extension for WindowsStandalone target not found
Refreshing native plugins compatible for Editor in 0.27 ms, found 0 plugins.
Preloading 0 native plugins for Editor in 0.00 ms.
Invoked RoslynAnalysisRunner static constructor.
RoslynAnalysisRunner will not be running.
RoslynAnalysisRunner has terminated.
Mono: successfully reloaded assembly
- Completed reload, in  1.071 seconds
Platform modules already initialized, skipping
Refreshing native plugins compatible for Editor in 0.27 ms, found 0 plugins.
Preloading 0 native plugins for Editor in 0.00 ms.
Unloading 1165 Unused Serialized files (Serialized files now loaded: 0)
System memory in use before: 58.9 MB.
System memory in use after: 59.0 MB.

Unloading 5 unused Assets to reduce memory usage. Loaded Objects now: 1663.
Total: 2.344300 ms (FindLiveObjects: 0.288800 ms CreateObjectMapping: 0.075900 ms MarkObjects: 1.903300 ms  DeleteObjects: 0.074800 ms)

========================================================================
Received Prepare
Registering precompiled user dll's ...
Registered in 0.000870 seconds.
Begin MonoManager ReloadAssembly
Native extension for WindowsStandalone target not found
Refreshing native plugins compatible for Editor in 0.27 ms, found 0 plugins.
Preloading 0 native plugins for Editor in 0.00 ms.
Invoked RoslynAnalysisRunner static constructor.
RoslynAnalysisRunner will not be running.
RoslynAnalysisRunner has terminated.
Mono: successfully reloaded assembly
- Completed reload, in  1.032 seconds
Platform modules already initialized, skipping
Refreshing native plugins compatible for Editor in 0.27 ms, found 0 plugins.
Preloading 0 native plugins for Editor in 0.00 ms.
Unloading 1165 Unused Serialized files (Serialized files now loaded: 0)
System memory in use before: 58.9 MB.
System memory in use after: 59.0 MB.

Unloading 5 unused Assets to reduce memory usage. Loaded Objects now: 1666.
Total: 2.757700 ms (FindLiveObjects: 0.226700 ms CreateObjectMapping: 0.085100 ms MarkObjects: 2.309600 ms  DeleteObjects: 0.135300 ms)

========================================================================
Received Prepare
Registering precompiled user dll's ...
Registered in 0.000812 seconds.
Begin MonoManager ReloadAssembly
Native extension for WindowsStandalone target not found
Refreshing native plugins compatible for Editor in 0.29 ms, found 0 plugins.
Preloading 0 native plugins for Editor in 0.00 ms.
Invoked RoslynAnalysisRunner static constructor.
RoslynAnalysisRunner will not be running.
RoslynAnalysisRunner has terminated.
Mono: successfully reloaded assembly
- Completed reload, in  1.029 seconds
Platform modules already initialized, skipping
Refreshing native plugins compatible for Editor in 0.33 ms, found 0 plugins.
Preloading 0 native plugins for Editor in 0.00 ms.
Unloading 1165 Unused Serialized files (Serialized files now loaded: 0)
System memory in use before: 58.9 MB.
System memory in use after: 59.0 MB.

Unloading 5 unused Assets to reduce memory usage. Loaded Objects now: 1669.
Total: 2.265500 ms (FindLiveObjects: 0.173900 ms CreateObjectMapping: 0.049300 ms MarkObjects: 1.972000 ms  DeleteObjects: 0.068600 ms)

========================================================================
Received Prepare
Registering precompiled user dll's ...
Registered in 0.000978 seconds.
Begin MonoManager ReloadAssembly
Native extension for WindowsStandalone target not found
Refreshing native plugins compatible for Editor in 0.28 ms, found 0 plugins.
Preloading 0 native plugins for Editor in 0.00 ms.
Invoked RoslynAnalysisRunner static constructor.
RoslynAnalysisRunner will not be running.
RoslynAnalysisRunner has terminated.
Mono: successfully reloaded assembly
- Completed reload, in  1.164 seconds
Platform modules already initialized, skipping
Refreshing native plugins compatible for Editor in 0.28 ms, found 0 plugins.
Preloading 0 native plugins for Editor in 0.00 ms.
Unloading 1165 Unused Serialized files (Serialized files now loaded: 0)
System memory in use before: 59.0 MB.
System memory in use after: 59.0 MB.

Unloading 5 unused Assets to reduce memory usage. Loaded Objects now: 1672.
Total: 2.073500 ms (FindLiveObjects: 0.206700 ms CreateObjectMapping: 0.046600 ms MarkObjects: 1.758400 ms  DeleteObjects: 0.060500 ms)

========================================================================
Received Prepare
Registering precompiled user dll's ...
Registered in 0.001409 seconds.
Begin MonoManager ReloadAssembly
Native extension for WindowsStandalone target not found
Refreshing native plugins compatible for Editor in 0.27 ms, found 0 plugins.
Preloading 0 native plugins for Editor in 0.00 ms.
Invoked RoslynAnalysisRunner static constructor.
RoslynAnalysisRunner will not be running.
RoslynAnalysisRunner has terminated.
Mono: successfully reloaded assembly
- Completed reload, in  1.344 seconds
Platform modules already initialized, skipping
Refreshing native plugins compatible for Editor in 0.28 ms, found 0 plugins.
Preloading 0 native plugins for Editor in 0.00 ms.
Unloading 1165 Unused Serialized files (Serialized files now loaded: 0)
System memory in use before: 59.0 MB.
System memory in use after: 59.0 MB.

Unloading 5 unused Assets to reduce memory usage. Loaded Objects now: 1675.
Total: 1.905200 ms (FindLiveObjects: 0.172500 ms CreateObjectMapping: 0.048200 ms MarkObjects: 1.603400 ms  DeleteObjects: 0.080300 ms)

========================================================================
Received Prepare
Registering precompiled user dll's ...
Registered in 0.000837 seconds.
Begin MonoManager ReloadAssembly
Native extension for WindowsStandalone target not found
Refreshing native plugins compatible for Editor in 0.36 ms, found 0 plugins.
Preloading 0 native plugins for Editor in 0.00 ms.
Invoked RoslynAnalysisRunner static constructor.
RoslynAnalysisRunner will not be running.
RoslynAnalysisRunner has terminated.
Mono: successfully reloaded assembly
- Completed reload, in  1.043 seconds
Platform modules already initialized, skipping
Refreshing native plugins compatible for Editor in 0.32 ms, found 0 plugins.
Preloading 0 native plugins for Editor in 0.00 ms.
Unloading 1165 Unused Serialized files (Serialized files now loaded: 0)
System memory in use before: 59.0 MB.
System memory in use after: 59.0 MB.

Unloading 5 unused Assets to reduce memory usage. Loaded Objects now: 1678.
Total: 1.989300 ms (FindLiveObjects: 0.161900 ms CreateObjectMapping: 0.045100 ms MarkObjects: 1.715200 ms  DeleteObjects: 0.065900 ms)

========================================================================
Received Prepare
Registering precompiled user dll's ...
Registered in 0.000996 seconds.
Begin MonoManager ReloadAssembly
Native extension for WindowsStandalone target not found
Refreshing native plugins compatible for Editor in 0.48 ms, found 0 plugins.
Preloading 0 native plugins for Editor in 0.00 ms.
Invoked RoslynAnalysisRunner static constructor.
RoslynAnalysisRunner will not be running.
RoslynAnalysisRunner has terminated.
Mono: successfully reloaded assembly
- Completed reload, in  1.087 seconds
Platform modules already initialized, skipping
Refreshing native plugins compatible for Editor in 0.27 ms, found 0 plugins.
Preloading 0 native plugins for Editor in 0.00 ms.
Unloading 1165 Unused Serialized files (Serialized files now loaded: 0)
System memory in use before: 59.0 MB.
System memory in use after: 59.1 MB.

Unloading 5 unused Assets to reduce memory usage. Loaded Objects now: 1681.
Total: 1.839700 ms (FindLiveObjects: 0.163700 ms CreateObjectMapping: 0.048200 ms MarkObjects: 1.569800 ms  DeleteObjects: 0.057100 ms)

========================================================================
Received Import Request.
  Time since last request: 912.996336 seconds.
  path: Assets/Scripts/Timer.cs
  artifactKey: Guid(f0d308200f3202d4ba7c785c6c9306d0) Importer(815301076,1909f56bfc062723c751e8b465ee728b)
Start importing Assets/Scripts/Timer.cs using Guid(f0d308200f3202d4ba7c785c6c9306d0) Importer(815301076,1909f56bfc062723c751e8b465ee728b)  -> (artifact id: '0ed5fabc15944bb812dd6ff0cc8306ff') in 0.027622 seconds
  Import took 0.037526 seconds .

========================================================================
Received Prepare
Registering precompiled user dll's ...
Registered in 0.004594 seconds.
Begin MonoManager ReloadAssembly
Native extension for WindowsStandalone target not found
Refreshing native plugins compatible for Editor in 0.37 ms, found 0 plugins.
Preloading 0 native plugins for Editor in 0.00 ms.
Invoked RoslynAnalysisRunner static constructor.
RoslynAnalysisRunner will not be running.
RoslynAnalysisRunner has terminated.
Mono: successfully reloaded assembly
- Completed reload, in  1.447 seconds
Platform modules already initialized, skipping
Refreshing native plugins compatible for Editor in 0.33 ms, found 0 plugins.
Preloading 0 native plugins for Editor in 0.00 ms.
Unloading 1166 Unused Serialized files (Serialized files now loaded: 0)
System memory in use before: 59.0 MB.
System memory in use after: 59.1 MB.

Unloading 5 unused Assets to reduce memory usage. Loaded Objects now: 1685.
Total: 2.034700 ms (FindLiveObjects: 0.204700 ms CreateObjectMapping: 0.045000 ms MarkObjects: 1.718500 ms  DeleteObjects: 0.065500 ms)

========================================================================
Received Prepare
Registering precompiled user dll's ...
Registered in 0.000923 seconds.
Begin MonoManager ReloadAssembly
Native extension for WindowsStandalone target not found
Refreshing native plugins compatible for Editor in 0.34 ms, found 0 plugins.
Preloading 0 native plugins for Editor in 0.00 ms.
Invoked RoslynAnalysisRunner static constructor.
RoslynAnalysisRunner will not be running.
RoslynAnalysisRunner has terminated.
Mono: successfully reloaded assembly
- Completed reload, in  0.998 seconds
Platform modules already initialized, skipping
Refreshing native plugins compatible for Editor in 0.30 ms, found 0 plugins.
Preloading 0 native plugins for Editor in 0.00 ms.
Unloading 1166 Unused Serialized files (Serialized files now loaded: 0)
System memory in use before: 59.1 MB.
System memory in use after: 59.1 MB.

Unloading 5 unused Assets to reduce memory usage. Loaded Objects now: 1688.
Total: 2.219000 ms (FindLiveObjects: 0.171000 ms CreateObjectMapping: 0.044200 ms MarkObjects: 1.939600 ms  DeleteObjects: 0.063200 ms)

========================================================================
Received Import Request.
  Time since last request: 162.072710 seconds.
  path: Assets/Scripts/Timer.cs
  artifactKey: Guid(f0d308200f3202d4ba7c785c6c9306d0) Importer(815301076,1909f56bfc062723c751e8b465ee728b)
Start importing Assets/Scripts/Timer.cs using Guid(f0d308200f3202d4ba7c785c6c9306d0) Importer(815301076,1909f56bfc062723c751e8b465ee728b)  -> (artifact id: '5032e6f4c3ce9d44c2dac80edbae2e4b') in 0.006085 seconds
  Import took 0.008634 seconds .

========================================================================
Received Prepare
Registering precompiled user dll's ...
Registered in 0.000865 seconds.
Begin MonoManager ReloadAssembly
Native extension for WindowsStandalone target not found
Refreshing native plugins compatible for Editor in 0.28 ms, found 0 plugins.
Preloading 0 native plugins for Editor in 0.00 ms.
Invoked RoslynAnalysisRunner static constructor.
RoslynAnalysisRunner will not be running.
RoslynAnalysisRunner has terminated.
Mono: successfully reloaded assembly
- Completed reload, in  1.117 seconds
Platform modules already initialized, skipping
Refreshing native plugins compatible for Editor in 0.30 ms, found 0 plugins.
Preloading 0 native plugins for Editor in 0.00 ms.
Unloading 1166 Unused Serialized files (Serialized files now loaded: 0)
System memory in use before: 59.1 MB.
System memory in use after: 59.1 MB.

Unloading 5 unused Assets to reduce memory usage. Loaded Objects now: 1691.
Total: 2.333300 ms (FindLiveObjects: 0.228500 ms CreateObjectMapping: 0.078900 ms MarkObjects: 1.957000 ms  DeleteObjects: 0.067400 ms)

========================================================================
Received Prepare
Registering precompiled user dll's ...
Registered in 0.001067 seconds.
Begin MonoManager ReloadAssembly
Native extension for WindowsStandalone target not found
Refreshing native plugins compatible for Editor in 0.27 ms, found 0 plugins.
Preloading 0 native plugins for Editor in 0.00 ms.
Invoked RoslynAnalysisRunner static constructor.
RoslynAnalysisRunner will not be running.
RoslynAnalysisRunner has terminated.
Mono: successfully reloaded assembly
- Completed reload, in  1.030 seconds
Platform modules already initialized, skipping
Refreshing native plugins compatible for Editor in 0.32 ms, found 0 plugins.
Preloading 0 native plugins for Editor in 0.00 ms.
Unloading 1166 Unused Serialized files (Serialized files now loaded: 0)
System memory in use before: 59.1 MB.
System memory in use after: 59.1 MB.

Unloading 5 unused Assets to reduce memory usage. Loaded Objects now: 1694.
Total: 2.217400 ms (FindLiveObjects: 0.339200 ms CreateObjectMapping: 0.049900 ms MarkObjects: 1.749300 ms  DeleteObjects: 0.077800 ms)

========================================================================
Received Prepare
Registering precompiled user dll's ...
Registered in 0.002541 seconds.
Begin MonoManager ReloadAssembly
Native extension for WindowsStandalone target not found
Refreshing native plugins compatible for Editor in 0.28 ms, found 0 plugins.
Preloading 0 native plugins for Editor in 0.00 ms.
Invoked RoslynAnalysisRunner static constructor.
RoslynAnalysisRunner will not be running.
RoslynAnalysisRunner has terminated.
Mono: successfully reloaded assembly
- Completed reload, in  1.115 seconds
Platform modules already initialized, skipping
Refreshing native plugins compatible for Editor in 0.30 ms, found 0 plugins.
Preloading 0 native plugins for Editor in 0.00 ms.
Unloading 1166 Unused Serialized files (Serialized files now loaded: 0)
System memory in use before: 59.1 MB.
System memory in use after: 59.1 MB.

Unloading 5 unused Assets to reduce memory usage. Loaded Objects now: 1697.
Total: 2.410100 ms (FindLiveObjects: 0.319300 ms CreateObjectMapping: 0.092600 ms MarkObjects: 1.935100 ms  DeleteObjects: 0.061500 ms)

========================================================================
Received Prepare
Registering precompiled user dll's ...
Registered in 0.000916 seconds.
Begin MonoManager ReloadAssembly
Native extension for WindowsStandalone target not found
Refreshing native plugins compatible for Editor in 0.29 ms, found 0 plugins.
Preloading 0 native plugins for Editor in 0.00 ms.
Invoked RoslynAnalysisRunner static constructor.
RoslynAnalysisRunner will not be running.
RoslynAnalysisRunner has terminated.
Mono: successfully reloaded assembly
- Completed reload, in  1.095 seconds
Platform modules already initialized, skipping
Refreshing native plugins compatible for Editor in 0.28 ms, found 0 plugins.
Preloading 0 native plugins for Editor in 0.00 ms.
Unloading 1166 Unused Serialized files (Serialized files now loaded: 0)
System memory in use before: 59.1 MB.
System memory in use after: 59.2 MB.

Unloading 5 unused Assets to reduce memory usage. Loaded Objects now: 1700.
Total: 2.543800 ms (FindLiveObjects: 0.225300 ms CreateObjectMapping: 0.105700 ms MarkObjects: 2.136100 ms  DeleteObjects: 0.075000 ms)

========================================================================
Received Prepare
Registering precompiled user dll's ...
Registered in 0.001621 seconds.
Begin MonoManager ReloadAssembly
Native extension for WindowsStandalone target not found
Refreshing native plugins compatible for Editor in 0.33 ms, found 0 plugins.
Preloading 0 native plugins for Editor in 0.00 ms.
Invoked RoslynAnalysisRunner static constructor.
RoslynAnalysisRunner will not be running.
RoslynAnalysisRunner has terminated.
Mono: successfully reloaded assembly
- Completed reload, in  1.077 seconds
Platform modules already initialized, skipping
Refreshing native plugins compatible for Editor in 0.33 ms, found 0 plugins.
Preloading 0 native plugins for Editor in 0.00 ms.
Unloading 1166 Unused Serialized files (Serialized files now loaded: 0)
System memory in use before: 59.1 MB.
System memory in use after: 59.2 MB.

Unloading 5 unused Assets to reduce memory usage. Loaded Objects now: 1703.
Total: 2.443300 ms (FindLiveObjects: 0.220700 ms CreateObjectMapping: 0.107100 ms MarkObjects: 2.030200 ms  DeleteObjects: 0.084000 ms)

========================================================================
Received Prepare
Registering precompiled user dll's ...
Registered in 0.001492 seconds.
Begin MonoManager ReloadAssembly
Native extension for WindowsStandalone target not found
Refreshing native plugins compatible for Editor in 0.29 ms, found 0 plugins.
Preloading 0 native plugins for Editor in 0.00 ms.
Invoked RoslynAnalysisRunner static constructor.
RoslynAnalysisRunner will not be running.
RoslynAnalysisRunner has terminated.
Mono: successfully reloaded assembly
- Completed reload, in  1.051 seconds
Platform modules already initialized, skipping
Refreshing native plugins compatible for Editor in 0.27 ms, found 0 plugins.
Preloading 0 native plugins for Editor in 0.00 ms.
Unloading 1166 Unused Serialized files (Serialized files now loaded: 0)
System memory in use before: 59.1 MB.
System memory in use after: 59.2 MB.

Unloading 5 unused Assets to reduce memory usage. Loaded Objects now: 1706.
Total: 5.097200 ms (FindLiveObjects: 0.370400 ms CreateObjectMapping: 0.150500 ms MarkObjects: 4.486800 ms  DeleteObjects: 0.087900 ms)

========================================================================
Received Prepare
Registering precompiled user dll's ...
Registered in 0.000812 seconds.
Begin MonoManager ReloadAssembly
Native extension for WindowsStandalone target not found
Refreshing native plugins compatible for Editor in 0.35 ms, found 0 plugins.
Preloading 0 native plugins for Editor in 0.00 ms.
Invoked RoslynAnalysisRunner static constructor.
RoslynAnalysisRunner will not be running.
RoslynAnalysisRunner has terminated.
Mono: successfully reloaded assembly
- Completed reload, in  1.119 seconds
Platform modules already initialized, skipping
Refreshing native plugins compatible for Editor in 0.49 ms, found 0 plugins.
Preloading 0 native plugins for Editor in 0.00 ms.
Unloading 1166 Unused Serialized files (Serialized files now loaded: 0)
System memory in use before: 59.1 MB.
System memory in use after: 59.2 MB.

Unloading 5 unused Assets to reduce memory usage. Loaded Objects now: 1709.
Total: 2.147300 ms (FindLiveObjects: 0.174200 ms CreateObjectMapping: 0.044800 ms MarkObjects: 1.848600 ms  DeleteObjects: 0.078500 ms)

========================================================================
Received Prepare
Registering precompiled user dll's ...
Registered in 0.001257 seconds.
Begin MonoManager ReloadAssembly
Native extension for WindowsStandalone target not found
Refreshing native plugins compatible for Editor in 0.28 ms, found 0 plugins.
Preloading 0 native plugins for Editor in 0.00 ms.
Invoked RoslynAnalysisRunner static constructor.
RoslynAnalysisRunner will not be running.
RoslynAnalysisRunner has terminated.
Mono: successfully reloaded assembly
- Completed reload, in  1.362 seconds
Platform modules already initialized, skipping
Refreshing native plugins compatible for Editor in 0.28 ms, found 0 plugins.
Preloading 0 native plugins for Editor in 0.00 ms.
Unloading 1166 Unused Serialized files (Serialized files now loaded: 0)
System memory in use before: 59.1 MB.
System memory in use after: 59.2 MB.

Unloading 5 unused Assets to reduce memory usage. Loaded Objects now: 1712.
Total: 2.831000 ms (FindLiveObjects: 0.175000 ms CreateObjectMapping: 0.046900 ms MarkObjects: 2.538000 ms  DeleteObjects: 0.069500 ms)

========================================================================
Received Import Request.
  Time since last request: 1240.262900 seconds.
  path: Assets/Scripts/Menu.cs
  artifactKey: Guid(973273228ff368148ae3f401db579c3e) Importer(815301076,1909f56bfc062723c751e8b465ee728b)
Start importing Assets/Scripts/Menu.cs using Guid(973273228ff368148ae3f401db579c3e) Importer(815301076,1909f56bfc062723c751e8b465ee728b)  -> (artifact id: '83d2edfad7827d763a67434ff48c1d11') in 0.044725 seconds
  Import took 0.048389 seconds .

========================================================================
Received Prepare
Registering precompiled user dll's ...
Registered in 0.000921 seconds.
Begin MonoManager ReloadAssembly
Native extension for WindowsStandalone target not found
Refreshing native plugins compatible for Editor in 0.29 ms, found 0 plugins.
Preloading 0 native plugins for Editor in 0.00 ms.
Invoked RoslynAnalysisRunner static constructor.
RoslynAnalysisRunner will not be running.
RoslynAnalysisRunner has terminated.
Mono: successfully reloaded assembly
- Completed reload, in  1.291 seconds
Platform modules already initialized, skipping
Refreshing native plugins compatible for Editor in 0.27 ms, found 0 plugins.
Preloading 0 native plugins for Editor in 0.00 ms.
Unloading 1167 Unused Serialized files (Serialized files now loaded: 0)
System memory in use before: 59.1 MB.
System memory in use after: 59.2 MB.

Unloading 5 unused Assets to reduce memory usage. Loaded Objects now: 1716.
Total: 2.018600 ms (FindLiveObjects: 0.179800 ms CreateObjectMapping: 0.045600 ms MarkObjects: 1.732800 ms  DeleteObjects: 0.059400 ms)

========================================================================
Received Prepare
Registering precompiled user dll's ...
Registered in 0.000812 seconds.
Begin MonoManager ReloadAssembly
Native extension for WindowsStandalone target not found
Refreshing native plugins compatible for Editor in 0.29 ms, found 0 plugins.
Preloading 0 native plugins for Editor in 0.00 ms.
Invoked RoslynAnalysisRunner static constructor.
RoslynAnalysisRunner will not be running.
RoslynAnalysisRunner has terminated.
Mono: successfully reloaded assembly
- Completed reload, in  1.095 seconds
Platform modules already initialized, skipping
Refreshing native plugins compatible for Editor in 0.31 ms, found 0 plugins.
Preloading 0 native plugins for Editor in 0.00 ms.
Unloading 1167 Unused Serialized files (Serialized files now loaded: 0)
System memory in use before: 59.1 MB.
System memory in use after: 59.2 MB.

Unloading 5 unused Assets to reduce memory usage. Loaded Objects now: 1719.
Total: 2.247800 ms (FindLiveObjects: 0.182300 ms CreateObjectMapping: 0.050000 ms MarkObjects: 1.940800 ms  DeleteObjects: 0.073200 ms)

========================================================================
Received Prepare
Registering precompiled user dll's ...
Registered in 0.000867 seconds.
Begin MonoManager ReloadAssembly
Native extension for WindowsStandalone target not found
Refreshing native plugins compatible for Editor in 0.27 ms, found 0 plugins.
Preloading 0 native plugins for Editor in 0.00 ms.
Invoked RoslynAnalysisRunner static constructor.
RoslynAnalysisRunner will not be running.
RoslynAnalysisRunner has terminated.
Mono: successfully reloaded assembly
- Completed reload, in  1.019 seconds
Platform modules already initialized, skipping
Refreshing native plugins compatible for Editor in 0.27 ms, found 0 plugins.
Preloading 0 native plugins for Editor in 0.00 ms.
Unloading 1167 Unused Serialized files (Serialized files now loaded: 0)
System memory in use before: 59.1 MB.
System memory in use after: 59.2 MB.

Unloading 5 unused Assets to reduce memory usage. Loaded Objects now: 1722.
Total: 2.419200 ms (FindLiveObjects: 0.439800 ms CreateObjectMapping: 0.061600 ms MarkObjects: 1.847700 ms  DeleteObjects: 0.068700 ms)

========================================================================
Received Prepare
Registering precompiled user dll's ...
Registered in 0.001513 seconds.
Begin MonoManager ReloadAssembly
Native extension for WindowsStandalone target not found
Refreshing native plugins compatible for Editor in 0.28 ms, found 0 plugins.
Preloading 0 native plugins for Editor in 0.00 ms.
Invoked RoslynAnalysisRunner static constructor.
RoslynAnalysisRunner will not be running.
RoslynAnalysisRunner has terminated.
Mono: successfully reloaded assembly
- Completed reload, in  1.086 seconds
Platform modules already initialized, skipping
Refreshing native plugins compatible for Editor in 0.29 ms, found 0 plugins.
Preloading 0 native plugins for Editor in 0.00 ms.
Unloading 1167 Unused Serialized files (Serialized files now loaded: 0)
System memory in use before: 59.1 MB.
System memory in use after: 59.2 MB.

Unloading 5 unused Assets to reduce memory usage. Loaded Objects now: 1725.
Total: 2.286400 ms (FindLiveObjects: 0.213900 ms CreateObjectMapping: 0.093100 ms MarkObjects: 1.915200 ms  DeleteObjects: 0.063200 ms)

========================================================================
Received Prepare
Registering precompiled user dll's ...
Registered in 0.000763 seconds.
Begin MonoManager ReloadAssembly
Native extension for WindowsStandalone target not found
Refreshing native plugins compatible for Editor in 0.29 ms, found 0 plugins.
Preloading 0 native plugins for Editor in 0.00 ms.
Invoked RoslynAnalysisRunner static constructor.
RoslynAnalysisRunner will not be running.
RoslynAnalysisRunner has terminated.
Mono: successfully reloaded assembly
- Completed reload, in  1.333 seconds
Platform modules already initialized, skipping
Refreshing native plugins compatible for Editor in 0.28 ms, found 0 plugins.
Preloading 0 native plugins for Editor in 0.00 ms.
Unloading 1167 Unused Serialized files (Serialized files now loaded: 0)
System memory in use before: 59.1 MB.
System memory in use after: 59.2 MB.

Unloading 5 unused Assets to reduce memory usage. Loaded Objects now: 1728.
Total: 3.200300 ms (FindLiveObjects: 0.230600 ms CreateObjectMapping: 0.094100 ms MarkObjects: 2.803000 ms  DeleteObjects: 0.070900 ms)

========================================================================
Received Import Request.
  Time since last request: 656.473901 seconds.
  path: Assets/UI
  artifactKey: Guid(b1a3898a59aea1b4ba9d62d2a3976126) Importer(815301076,1909f56bfc062723c751e8b465ee728b)
Start importing Assets/UI using Guid(b1a3898a59aea1b4ba9d62d2a3976126) Importer(815301076,1909f56bfc062723c751e8b465ee728b)  -> (artifact id: '7c1ac39e6a7aabc76ce58dfe00a78d8b') in 0.020534 seconds
  Import took 0.024434 seconds .

========================================================================
Received Import Request.
  Time since last request: 10.971644 seconds.
  path: Assets/Photo
  artifactKey: Guid(b1a3898a59aea1b4ba9d62d2a3976126) Importer(815301076,1909f56bfc062723c751e8b465ee728b)
Start importing Assets/Photo using Guid(b1a3898a59aea1b4ba9d62d2a3976126) Importer(815301076,1909f56bfc062723c751e8b465ee728b)  -> (artifact id: 'd13b82a021d7ec217c76713789c2c16d') in 0.015203 seconds
  Import took 0.019049 seconds .

========================================================================
Received Import Request.
  Time since last request: 52.835413 seconds.
  path: Assets/Photo/idea.png
  artifactKey: Guid(f4dad6956eececd4385c94b5b3ca4a40) Importer(815301076,1909f56bfc062723c751e8b465ee728b)
Start importing Assets/Photo/idea.png using Guid(f4dad6956eececd4385c94b5b3ca4a40) Importer(815301076,1909f56bfc062723c751e8b465ee728b)  -> (artifact id: 'f9fe382fc17efedde6559cd1d7f23223') in 0.106258 seconds
  Import took 0.109289 seconds .

========================================================================
Received Import Request.
  Time since last request: 0.002076 seconds.
  path: Assets/Photo/idea.png
  artifactKey: Guid(f4dad6956eececd4385c94b5b3ca4a40) Importer(815301076,1909f56bfc062723c751e8b465ee728b)
Start importing Assets/Photo/idea.png using Guid(f4dad6956eececd4385c94b5b3ca4a40) Importer(815301076,1909f56bfc062723c751e8b465ee728b)  -> (artifact id: 'f9fe382fc17efedde6559cd1d7f23223') in 0.018230 seconds
  Import took 0.021481 seconds .

========================================================================
Received Import Request.
  Time since last request: 20.621711 seconds.
  path: Assets/Photo/Roboto-Bold.ttf
  artifactKey: Guid(460b69f7f729f3e4c8d9fd63dc5a39af) Importer(815301076,1909f56bfc062723c751e8b465ee728b)
Start importing Assets/Photo/Roboto-Bold.ttf using Guid(460b69f7f729f3e4c8d9fd63dc5a39af) Importer(815301076,1909f56bfc062723c751e8b465ee728b)  -> (artifact id: '58c4c88c111987dfd15d1cc5f692a330') in 0.106217 seconds
  Import took 0.109602 seconds .

========================================================================
Received Import Request.
  Time since last request: 8.220818 seconds.
  path: Assets/Photo/idea.png
  artifactKey: Guid(f4dad6956eececd4385c94b5b3ca4a40) Importer(815301076,1909f56bfc062723c751e8b465ee728b)
Start importing Assets/Photo/idea.png using Guid(f4dad6956eececd4385c94b5b3ca4a40) Importer(815301076,1909f56bfc062723c751e8b465ee728b)  -> (artifact id: 'f28373fd8e86c18c0943f098d8afe928') in 0.044805 seconds
  Import took 0.049091 seconds .

========================================================================
Received Import Request.
  Time since last request: 20.179142 seconds.
  path: Assets/Photo/idea.png
  artifactKey: Guid(f4dad6956eececd4385c94b5b3ca4a40) Importer(815301076,1909f56bfc062723c751e8b465ee728b)
Start importing Assets/Photo/idea.png using Guid(f4dad6956eececd4385c94b5b3ca4a40) Importer(815301076,1909f56bfc062723c751e8b465ee728b)  -> (artifact id: '553eecb030364e9e878d5998af532257') in 0.032260 seconds
  Import took 0.038327 seconds .

========================================================================
Received Import Request.
  Time since last request: 16.324989 seconds.
  path: Assets/Photo/idea.png
  artifactKey: Guid(f4dad6956eececd4385c94b5b3ca4a40) Importer(815301076,1909f56bfc062723c751e8b465ee728b)
Start importing Assets/Photo/idea.png using Guid(f4dad6956eececd4385c94b5b3ca4a40) Importer(815301076,1909f56bfc062723c751e8b465ee728b)  -> (artifact id: 'd643e47d95535ae0bc73d3aaaa85dba3') in 0.020177 seconds
  Import took 0.023000 seconds .

========================================================================
Received Import Request.
  Time since last request: 0.000293 seconds.
  path: Assets/Photo/idea.png
  artifactKey: Guid(f4dad6956eececd4385c94b5b3ca4a40) Importer(815301076,1909f56bfc062723c751e8b465ee728b)
Start importing Assets/Photo/idea.png using Guid(f4dad6956eececd4385c94b5b3ca4a40) Importer(815301076,1909f56bfc062723c751e8b465ee728b)  -> (artifact id: 'd643e47d95535ae0bc73d3aaaa85dba3') in 0.021812 seconds
  Import took 0.026176 seconds .

========================================================================
Received Import Request.
  Time since last request: 8.849164 seconds.
  path: Assets/Photo/idea.png
  artifactKey: Guid(f4dad6956eececd4385c94b5b3ca4a40) Importer(815301076,1909f56bfc062723c751e8b465ee728b)
Start importing Assets/Photo/idea.png using Guid(f4dad6956eececd4385c94b5b3ca4a40) Importer(815301076,1909f56bfc062723c751e8b465ee728b)  -> (artifact id: '5ac0863eef0ea543e0764bf4a65a5a37') in 0.021392 seconds
  Import took 0.025626 seconds .

========================================================================
Received Import Request.
  Time since last request: 3.818376 seconds.
  path: Assets/Photo/idea.png
  artifactKey: Guid(f4dad6956eececd4385c94b5b3ca4a40) Importer(815301076,1909f56bfc062723c751e8b465ee728b)
Start importing Assets/Photo/idea.png using Guid(f4dad6956eececd4385c94b5b3ca4a40) Importer(815301076,1909f56bfc062723c751e8b465ee728b)  -> (artifact id: 'f0f19e30e9b0ea4842d9d4d3e4af7cef') in 0.025705 seconds
  Import took 0.028379 seconds .

========================================================================
Received Prepare
Registering precompiled user dll's ...
Registered in 0.001598 seconds.
Begin MonoManager ReloadAssembly
Native extension for WindowsStandalone target not found
Refreshing native plugins compatible for Editor in 0.28 ms, found 0 plugins.
Preloading 0 native plugins for Editor in 0.00 ms.
Invoked RoslynAnalysisRunner static constructor.
RoslynAnalysisRunner will not be running.
RoslynAnalysisRunner has terminated.
Mono: successfully reloaded assembly
- Completed reload, in  1.018 seconds
Platform modules already initialized, skipping
Refreshing native plugins compatible for Editor in 0.27 ms, found 0 plugins.
Preloading 0 native plugins for Editor in 0.00 ms.
Unloading 1167 Unused Serialized files (Serialized files now loaded: 0)
System memory in use before: 62.8 MB.
System memory in use after: 62.8 MB.

Unloading 5 unused Assets to reduce memory usage. Loaded Objects now: 1777.
Total: 2.239400 ms (FindLiveObjects: 0.178200 ms CreateObjectMapping: 0.043200 ms MarkObjects: 1.918600 ms  DeleteObjects: 0.098600 ms)

========================================================================
Received Prepare
Registering precompiled user dll's ...
Registered in 0.000797 seconds.
Begin MonoManager ReloadAssembly
Native extension for WindowsStandalone target not found
Refreshing native plugins compatible for Editor in 0.28 ms, found 0 plugins.
Preloading 0 native plugins for Editor in 0.00 ms.
Invoked RoslynAnalysisRunner static constructor.
RoslynAnalysisRunner will not be running.
RoslynAnalysisRunner has terminated.
Mono: successfully reloaded assembly
- Completed reload, in  1.110 seconds
Platform modules already initialized, skipping
Refreshing native plugins compatible for Editor in 0.28 ms, found 0 plugins.
Preloading 0 native plugins for Editor in 0.00 ms.
Unloading 1167 Unused Serialized files (Serialized files now loaded: 0)
System memory in use before: 62.8 MB.
System memory in use after: 62.8 MB.

Unloading 5 unused Assets to reduce memory usage. Loaded Objects now: 1780.
Total: 2.461600 ms (FindLiveObjects: 0.236000 ms CreateObjectMapping: 0.102300 ms MarkObjects: 2.043000 ms  DeleteObjects: 0.078900 ms)

========================================================================
Received Prepare
Registering precompiled user dll's ...
Registered in 0.011311 seconds.
Begin MonoManager ReloadAssembly
Native extension for WindowsStandalone target not found
Refreshing native plugins compatible for Editor in 0.32 ms, found 0 plugins.
Preloading 0 native plugins for Editor in 0.00 ms.
Invoked RoslynAnalysisRunner static constructor.
RoslynAnalysisRunner will not be running.
RoslynAnalysisRunner has terminated.
Mono: successfully reloaded assembly
- Completed reload, in  1.061 seconds
Platform modules already initialized, skipping
Refreshing native plugins compatible for Editor in 0.27 ms, found 0 plugins.
Preloading 0 native plugins for Editor in 0.00 ms.
Unloading 1167 Unused Serialized files (Serialized files now loaded: 0)
System memory in use before: 62.8 MB.
System memory in use after: 62.8 MB.

Unloading 5 unused Assets to reduce memory usage. Loaded Objects now: 1783.
Total: 2.261600 ms (FindLiveObjects: 0.214500 ms CreateObjectMapping: 0.045800 ms MarkObjects: 1.897800 ms  DeleteObjects: 0.102400 ms)

========================================================================
Received Import Request.
  Time since last request: 521.274153 seconds.
  path: Assets/Photo/Game Icon.png
  artifactKey: Guid(454b637f8a55c404a99beea681c39762) Importer(815301076,1909f56bfc062723c751e8b465ee728b)
Start importing Assets/Photo/Game Icon.png using Guid(454b637f8a55c404a99beea681c39762) Importer(815301076,1909f56bfc062723c751e8b465ee728b)  -> (artifact id: '3231c427638efa9f44a7e6656dbabb37') in 0.065784 seconds
  Import took 0.070172 seconds .

========================================================================
Received Import Request.
  Time since last request: 0.003425 seconds.
  path: Assets/Photo/Game Icon.png
  artifactKey: Guid(454b637f8a55c404a99beea681c39762) Importer(815301076,1909f56bfc062723c751e8b465ee728b)
Start importing Assets/Photo/Game Icon.png using Guid(454b637f8a55c404a99beea681c39762) Importer(815301076,1909f56bfc062723c751e8b465ee728b)  -> (artifact id: '3231c427638efa9f44a7e6656dbabb37') in 0.018620 seconds
  Import took 0.021530 seconds .

========================================================================
Received Import Request.
  Time since last request: 4.503864 seconds.
  path: Assets/Assets/CustomToolbar/Editor/CustomToolbar/Icons/LookDevResetEnv@2x.png
  artifactKey: Guid(47080aa9bd07f0243af45169dfd2f50f) Importer(815301076,1909f56bfc062723c751e8b465ee728b)
Start importing Assets/Assets/CustomToolbar/Editor/CustomToolbar/Icons/LookDevResetEnv@2x.png using Guid(47080aa9bd07f0243af45169dfd2f50f) Importer(815301076,1909f56bfc062723c751e8b465ee728b)  -> (artifact id: '639af8044071ed5adc2869cbd3c1935e') in 0.049586 seconds
  Import took 0.052895 seconds .

========================================================================
Received Import Request.
  Time since last request: 0.000252 seconds.
  path: Assets/Assets/CustomToolbar/Editor/CustomToolbar/Icons/LookDevSingle1@2x.png
  artifactKey: Guid(6bbd055b099c09748b1153a4eac5f6e4) Importer(815301076,1909f56bfc062723c751e8b465ee728b)
Start importing Assets/Assets/CustomToolbar/Editor/CustomToolbar/Icons/LookDevSingle1@2x.png using Guid(6bbd055b099c09748b1153a4eac5f6e4) Importer(815301076,1909f56bfc062723c751e8b465ee728b)  -> (artifact id: '9c77a738fbeb88d2756fe26feb9d8488') in 0.024722 seconds
  Import took 0.027899 seconds .

========================================================================
Received Prepare
Refreshing native plugins compatible for Editor in 0.92 ms, found 0 plugins.
Preloading 0 native plugins for Editor in 0.00 ms.
Unloading 3 Unused Serialized files (Serialized files now loaded: 0)
System memory in use before: 39.5 MB.
System memory in use after: 39.6 MB.

Unloading 3 unused Assets to reduce memory usage. Loaded Objects now: 1788.
Total: 3.262500 ms (FindLiveObjects: 0.179900 ms CreateObjectMapping: 0.049400 ms MarkObjects: 2.931100 ms  DeleteObjects: 0.099900 ms)

AssetImportWorkerClient::OnTransportError - code=2 error=End of file
